<?xml version="1.0" encoding="UTF-8" ?>
<testsuite failures="0" time="0.018" errors="0" skipped="0" tests="1" name="it.IntegrationTestMyPlugin">
  <properties>
    <property name="java.runtime.name" value="Java(TM) SE Runtime Environment"/>
    <property name="sun.boot.library.path" value="/System/Library/Frameworks/JavaVM.framework/Versions/1.6.0/Libraries"/>
    <property name="java.vm.version" value="14.3-b01-101"/>
    <property name="awt.nativeDoubleBuffering" value="true"/>
    <property name="gopherProxySet" value="false"/>
    <property name="mrj.build" value="10M3065"/>
    <property name="java.vm.vendor" value="Apple Inc."/>
    <property name="java.vendor.url" value="http://www.apple.com/"/>
    <property name="path.separator" value=":"/>
    <property name="java.vm.name" value="Java HotSpot(TM) 64-Bit Server VM"/>
    <property name="file.encoding.pkg" value="sun.io"/>
    <property name="context.bamboo.path" value="/bamboo"/>
    <property name="user.country" value="US"/>
    <property name="sun.java.launcher" value="SUN_STANDARD"/>
    <property name="sun.os.patch.level" value="unknown"/>
    <property name="java.vm.specification.name" value="Java Virtual Machine Specification"/>
    <property name="user.dir" value="/Users/jwyles/Code/dvcstasks"/>
    <property name="java.runtime.version" value="1.6.0_17-b04-248-10M3065"/>
    <property name="java.awt.graphicsenv" value="apple.awt.CGraphicsEnvironment"/>
    <property name="basedir" value="/Users/jwyles/Code/dvcstasks"/>
    <property name="java.endorsed.dirs" value="/System/Library/Frameworks/JavaVM.framework/Versions/1.6.0/Home/lib/endorsed"/>
    <property name="os.arch" value="x86_64"/>
    <property name="surefire.real.class.path" value="/var/folders/yz/yzdcNxbaHiy-CFbTyt-lqU+++TI/-Tmp-/surefirebooter4090289603672995410.jar"/>
    <property name="java.io.tmpdir" value="/var/folders/yz/yzdcNxbaHiy-CFbTyt-lqU+++TI/-Tmp-/"/>
    <property name="line.separator" value="
"/>
    <property name="java.vm.specification.vendor" value="Sun Microsystems Inc."/>
    <property name="os.name" value="Mac OS X"/>
    <property name="context.path" value="/bamboo"/>
    <property name="sun.jnu.encoding" value="MacRoman"/>
    <property name="java.library.path" value=".:/Library/Java/Extensions:/System/Library/Java/Extensions:/usr/lib/java"/>
    <property name="surefire.test.class.path" value="/Users/jwyles/Code/dvcstasks/target/test-classes:/Users/jwyles/Code/dvcstasks/target/classes:/Users/jwyles/.m2/repository/javax/servlet/servlet-api/2.4/servlet-api-2.4.jar:/Users/jwyles/.m2/repository/com/atlassian/bamboo/atlassian-bamboo-api/3.1-m3/atlassian-bamboo-api-3.1-m3.jar:/Users/jwyles/.m2/repository/com/atlassian/extras/atlassian-extras/2.4/atlassian-extras-2.4.jar:/Users/jwyles/.m2/repository/log4j/log4j/1.2.15/log4j-1.2.15.jar:/Users/jwyles/.m2/repository/commons-codec/commons-codec/1.3/commons-codec-1.3.jar:/Users/jwyles/.m2/repository/com/atlassian/core/atlassian-core/4.5.3/atlassian-core-4.5.3.jar:/Users/jwyles/.m2/repository/com/atlassian/profiling/atlassian-profiling/1.3/atlassian-profiling-1.3.jar:/Users/jwyles/.m2/repository/p6spy/p6spy/1.3/p6spy-1.3.jar:/Users/jwyles/.m2/repository/commons-io/commons-io/1.2/commons-io-1.2.jar:/Users/jwyles/.m2/repository/commons-lang/commons-lang/2.5/commons-lang-2.5.jar:/Users/jwyles/.m2/repository/opensymphony/propertyset/1.3-21Nov03/propertyset-1.3-21Nov03.jar:/Users/jwyles/.m2/repository/opensymphony/sitemesh/2.3/sitemesh-2.3.jar:/Users/jwyles/.m2/repository/dom4j/dom4j/1.4/dom4j-1.4.jar:/Users/jwyles/.m2/repository/xml-apis/xml-apis/1.0.b2/xml-apis-1.0.b2.jar:/Users/jwyles/.m2/repository/jaxen/jaxen/1.0-FCS/jaxen-1.0-FCS.jar:/Users/jwyles/.m2/repository/saxpath/saxpath/1.0-FCS/saxpath-1.0-FCS.jar:/Users/jwyles/.m2/repository/msv/msv/20020414/msv-20020414.jar:/Users/jwyles/.m2/repository/relaxngDatatype/relaxngDatatype/20020414/relaxngDatatype-20020414.jar:/Users/jwyles/.m2/repository/isorelax/isorelax/20020414/isorelax-20020414.jar:/Users/jwyles/.m2/repository/opensymphony/oscore/2.2.7/oscore-2.2.7.jar:/Users/jwyles/.m2/repository/javax/mail/mail/1.4/mail-1.4.jar:/Users/jwyles/.m2/repository/javax/activation/activation/1.1/activation-1.1.jar:/Users/jwyles/.m2/repository/com/atlassian/config/atlassian-config/0.9/atlassian-config-0.9.jar:/Users/jwyles/.m2/repository/com/atlassian/spring/atlassian-spring/0.6/atlassian-spring-0.6.jar:/Users/jwyles/.m2/repository/com/atlassian/event/atlassian-event/2.1.0/atlassian-event-2.1.0.jar:/Users/jwyles/.m2/repository/org/springframework/spring-core/2.0.6/spring-core-2.0.6.jar:/Users/jwyles/.m2/repository/org/springframework/spring-context/2.0.6/spring-context-2.0.6.jar:/Users/jwyles/.m2/repository/aopalliance/aopalliance/1.0/aopalliance-1.0.jar:/Users/jwyles/.m2/repository/org/springframework/spring-beans/2.5.6.SEC01/spring-beans-2.5.6.SEC01.jar:/Users/jwyles/.m2/repository/org/springframework/spring-web/2.5.6.SEC01/spring-web-2.5.6.SEC01.jar:/Users/jwyles/.m2/repository/org/springframework/spring-hibernate2/2.0.6/spring-hibernate2-2.0.6.jar:/Users/jwyles/.m2/repository/hibernate/hibernate/2.1.8-atlassian-9/hibernate-2.1.8-atlassian-9.jar:/Users/jwyles/.m2/repository/org/springframework/spring-dao/2.0.6/spring-dao-2.0.6.jar:/Users/jwyles/.m2/repository/org/springframework/spring-jdbc/2.0.6/spring-jdbc-2.0.6.jar:/Users/jwyles/.m2/repository/com/atlassian/johnson/atlassian-johnson/0.7/atlassian-johnson-0.7.jar:/Users/jwyles/.m2/repository/easymock/easymockclassextension/1.1/easymockclassextension-1.1.jar:/Users/jwyles/.m2/repository/easymock/easymock/1.1/easymock-1.1.jar:/Users/jwyles/.m2/repository/junit/junit/4.6/junit-4.6.jar:/Users/jwyles/.m2/repository/cglib/cglib-nodep/2.1_3/cglib-nodep-2.1_3.jar:/Users/jwyles/.m2/repository/osuser/osuser/1.0-dev-log4j-1.4jdk-7Dec05/osuser-1.0-dev-log4j-1.4jdk-7Dec05.jar:/Users/jwyles/.m2/repository/com/atlassian/util/concurrent/atlassian-util-concurrent/2.0.0/atlassian-util-concurrent-2.0.0.jar:/Users/jwyles/.m2/repository/com/atlassian/utils/atlassian-processutils/1.5-beta7/atlassian-processutils-1.5-beta7.jar:/Users/jwyles/.m2/repository/com/atlassian/plugins/atlassian-plugins-core/2.7.3/atlassian-plugins-core-2.7.3.jar:/Users/jwyles/.m2/repository/org/slf4j/slf4j-api/1.5.8/slf4j-api-1.5.8.jar:/Users/jwyles/.m2/repository/com/atlassian/multitenant/multitenant-core/1.0-m14/multitenant-core-1.0-m14.jar:/Users/jwyles/.m2/repository/net/jcip/jcip-annotations/1.0/jcip-annotations-1.0.jar:/Users/jwyles/.m2/repository/com/atlassian/plugins/atlassian-plugins-servlet/2.7.3/atlassian-plugins-servlet-2.7.3.jar:/Users/jwyles/.m2/repository/com/atlassian/plugins/atlassian-plugins-webfragment/2.7.3/atlassian-plugins-webfragment-2.7.3.jar:/Users/jwyles/.m2/repository/com/atlassian/plugins/atlassian-plugins-webresource/2.7.3/atlassian-plugins-webresource-2.7.3.jar:/Users/jwyles/.m2/repository/com/atlassian/plugins/atlassian-plugins-osgi/2.7.3/atlassian-plugins-osgi-2.7.3.jar:/Users/jwyles/.m2/repository/com/atlassian/plugins/atlassian-plugins-osgi-events/2.7.3/atlassian-plugins-osgi-events-2.7.3.jar:/Users/jwyles/.m2/repository/biz/aQute/bndlib/0.0.255/bndlib-0.0.255.jar:/Users/jwyles/.m2/repository/org/apache/felix/org.apache.felix.framework/3.0.2/org.apache.felix.framework-3.0.2.jar:/Users/jwyles/.m2/repository/org/twdata/pkgscanner/package-scanner/0.9.5/package-scanner-0.9.5.jar:/Users/jwyles/.m2/repository/com/atlassian/plugins/atlassian-plugins-spring/2.7.3/atlassian-plugins-spring-2.7.3.jar:/Users/jwyles/.m2/repository/org/springframework/spring-aop/2.5.6.SEC01/spring-aop-2.5.6.SEC01.jar:/Users/jwyles/.m2/repository/com/atlassian/bandana/atlassian-bandana/3.1/atlassian-bandana-3.1.jar:/Users/jwyles/.m2/repository/com/atlassian/cache/atlassian-cache-api/1.0/atlassian-cache-api-1.0.jar:/Users/jwyles/.m2/repository/com/thoughtworks/xstream/xstream/1.3.1/xstream-1.3.1.jar:/Users/jwyles/.m2/repository/xpp3/xpp3_min/1.1.4c/xpp3_min-1.1.4c.jar:/Users/jwyles/.m2/repository/com/atlassian/security/atlassian-secure-random/2.2/atlassian-secure-random-2.2.jar:/Users/jwyles/.m2/repository/org/codehaus/plexus/plexus-utils/1.5.9/plexus-utils-1.5.9.jar:/Users/jwyles/.m2/repository/org/slf4j/slf4j-log4j12/1.5.8/slf4j-log4j12-1.5.8.jar:/Users/jwyles/.m2/repository/org/slf4j/jcl-over-slf4j/1.5.8/jcl-over-slf4j-1.5.8.jar:/Users/jwyles/.m2/repository/com/atlassian/user/atlassian-user/1.9/atlassian-user-1.9.jar:/Users/jwyles/.m2/repository/org/springframework/spring-mock/2.0.6/spring-mock-2.0.6.jar:/Users/jwyles/.m2/repository/net/sf/ldaptemplate/ldaptemplate/1.0.1/ldaptemplate-1.0.1.jar:/Users/jwyles/.m2/repository/net/sf/ehcache/ehcache/1.2.3/ehcache-1.2.3.jar:/Users/jwyles/.m2/repository/odmg/odmg/3.0/odmg-3.0.jar:/Users/jwyles/.m2/repository/javax/transaction/jta/1.0.1B/jta-1.0.1B.jar:/Users/jwyles/.m2/repository/com/atlassian/bucket/atlassian-bucket/0.17/atlassian-bucket-0.17.jar:/Users/jwyles/.m2/repository/com/atlassian/bonnie/atlassian-bonnie/2.7/atlassian-bonnie-2.7.jar:/Users/jwyles/.m2/repository/org/apache/lucene/lucene-core/2.3.2/lucene-core-2.3.2.jar:/Users/jwyles/.m2/repository/org/apache/lucene/lucene-analyzers/2.2.0/lucene-analyzers-2.2.0.jar:/Users/jwyles/.m2/repository/tm-extractors/tm-extractors/0.4/tm-extractors-0.4.jar:/Users/jwyles/.m2/repository/pdfbox/pdfbox/0.7.0/pdfbox-0.7.0.jar:/Users/jwyles/.m2/repository/poi/poi/2.0-final-20040126/poi-2.0-final-20040126.jar:/Users/jwyles/.m2/repository/mockobjects/mockobjects-core/0.09/mockobjects-core-0.09.jar:/Users/jwyles/.m2/repository/mockobjects/mockobjects-j1.3-j2ee1.3/0.07/mockobjects-j1.3-j2ee1.3-0.07.jar:/Users/jwyles/.m2/repository/commons-beanutils/commons-beanutils/1.8.3/commons-beanutils-1.8.3.jar:/Users/jwyles/.m2/repository/opensymphony/xwork/1.0.3/xwork-1.0.3.jar:/Users/jwyles/.m2/repository/rome/rome/0.8/rome-0.8.jar:/Users/jwyles/.m2/repository/jdom/jdom/1.0/jdom-1.0.jar:/Users/jwyles/.m2/repository/org/springframework/spring-support/2.0.6/spring-support-2.0.6.jar:/Users/jwyles/.m2/repository/com/atlassian/seraph/atlassian-seraph/2.5.0/atlassian-seraph-2.5.0.jar:/Users/jwyles/.m2/repository/hsqldb/hsqldb/1.7.1-patched/hsqldb-1.7.1-patched.jar:/Users/jwyles/.m2/repository/com/atlassian/jira/plugins/jira-soapclient/4.0/jira-soapclient-4.0.jar:/Users/jwyles/.m2/repository/com/atlassian/sal/sal-api/2.4.1/sal-api-2.4.1.jar:/Users/jwyles/.m2/repository/com/atlassian/sal/sal-spi/2.4.1/sal-spi-2.4.1.jar:/Users/jwyles/.m2/repository/com/atlassian/sal/sal-spring/2.4.1/sal-spring-2.4.1.jar:/Users/jwyles/.m2/repository/org/apache/ant/ant/1.7.1/ant-1.7.1.jar:/Users/jwyles/.m2/repository/org/apache/ant/ant-launcher/1.7.1/ant-launcher-1.7.1.jar:/Users/jwyles/.m2/repository/opensymphony/quartz/1.6.5/quartz-1.6.5.jar:/Users/jwyles/.m2/repository/com/atlassian/bundles/guava/8.1/guava-8.1.jar:/Users/jwyles/.m2/repository/commons-collections/commons-collections/3.2.1/commons-collections-3.2.1.jar:/Users/jwyles/.m2/repository/commons-configuration/commons-configuration/1.4/commons-configuration-1.4.jar:/Users/jwyles/.m2/repository/commons-digester/commons-digester/1.8/commons-digester-1.8.jar:/Users/jwyles/.m2/repository/commons-jxpath/commons-jxpath/1.2/commons-jxpath-1.2.jar:/Users/jwyles/.m2/repository/jivesoftware/smackx/3.0.4/smackx-3.0.4.jar:/Users/jwyles/.m2/repository/jivesoftware/smack/3.0.4/smack-3.0.4.jar:/Users/jwyles/.m2/repository/jmock/jmock/1.0.1/jmock-1.0.1.jar:/Users/jwyles/.m2/repository/joda-time/joda-time/1.6/joda-time-1.6.jar:/Users/jwyles/.m2/repository/com/atlassian/security/atlassian-cookie-tools/2.0/atlassian-cookie-tools-2.0.jar:/Users/jwyles/.m2/repository/opensymphony/osuser/1.0-20060106/osuser-1.0-20060106.jar:/Users/jwyles/.m2/repository/commons-logging/commons-logging/1.0.4/commons-logging-1.0.4.jar:/Users/jwyles/.m2/repository/com/atlassian/security/auth/trustedapps/atlassian-trusted-apps-seraph-integration/2.3.2/atlassian-trusted-apps-seraph-integration-2.3.2.jar:/Users/jwyles/.m2/repository/com/atlassian/security/auth/trustedapps/atlassian-trusted-apps-core/2.3.2/atlassian-trusted-apps-core-2.3.2.jar:/Users/jwyles/.m2/repository/com/atlassian/mail/atlassian-mail/1.22/atlassian-mail-1.22.jar:/Users/jwyles/.m2/repository/mockobjects/mockobjects-alt-jdk1.3-j2ee1.3/0.09/mockobjects-alt-jdk1.3-j2ee1.3-0.09.jar:/Users/jwyles/.m2/repository/org/acegisecurity/acegi-security/1.0.4/acegi-security-1.0.4.jar:/Users/jwyles/.m2/repository/oro/oro/2.0.8/oro-2.0.8.jar:/Users/jwyles/.m2/repository/com/intellij/annotations/6.0.5/annotations-6.0.5.jar:/Users/jwyles/.m2/repository/com/atlassian/aws/atlassian-aws/0.18-beta4/atlassian-aws-0.18-beta4.jar:/Users/jwyles/.m2/repository/com/amazonaws/aws-java-sdk/1.1.5/aws-java-sdk-1.1.5.jar:/Users/jwyles/.m2/repository/commons-httpclient/commons-httpclient/3.1/commons-httpclient-3.1.jar:/Users/jwyles/.m2/repository/stax/stax-api/1.0.1/stax-api-1.0.1.jar:/Users/jwyles/.m2/repository/com/google/code/typica/typica/1.6/typica-1.6.jar:/Users/jwyles/.m2/repository/com/sun/xml/bind/jaxb-impl/2.1.3/jaxb-impl-2.1.3.jar:/Users/jwyles/.m2/repository/javax/xml/bind/jaxb-api/2.1/jaxb-api-2.1.jar:/Users/jwyles/.m2/repository/javax/xml/stream/stax-api/1.0-2/stax-api-1.0-2.jar:/Users/jwyles/.m2/repository/axis/axis/1.4/axis-1.4.jar:/Users/jwyles/.m2/repository/org/apache/axis/axis-jaxrpc/1.4/axis-jaxrpc-1.4.jar:/Users/jwyles/.m2/repository/org/apache/axis/axis-saaj/1.4/axis-saaj-1.4.jar:/Users/jwyles/.m2/repository/axis/axis-wsdl4j/1.5.1/axis-wsdl4j-1.5.1.jar:/Users/jwyles/.m2/repository/commons-discovery/commons-discovery/0.2/commons-discovery-0.2.jar:"/>
    <property name="java.specification.name" value="Java Platform API Specification"/>
    <property name="java.class.version" value="50.0"/>
    <property name="sun.management.compiler" value="HotSpot 64-Bit Server Compiler"/>
    <property name="plugin.jar" value="/Users/jwyles/Code/dvcstasks/target/dvcstasks-1.0-SNAPSHOT.jar"/>
    <property name="http.bamboo.port" value="6990"/>
    <property name="os.version" value="10.6.6"/>
    <property name="user.home" value="/Users/jwyles"/>
    <property name="user.timezone" value=""/>
    <property name="java.awt.printerjob" value="apple.awt.CPrinterJob"/>
    <property name="java.specification.version" value="1.6"/>
    <property name="file.encoding" value="MacRoman"/>
    <property name="http.port" value="6990"/>
    <property name="testGroup" value="__no_test_group__"/>
    <property name="user.name" value="jwyles"/>
    <property name="java.class.path" value="/Users/jwyles/Code/dvcstasks/target/test-classes:/Users/jwyles/Code/dvcstasks/target/classes:/Users/jwyles/.m2/repository/javax/servlet/servlet-api/2.4/servlet-api-2.4.jar:/Users/jwyles/.m2/repository/com/atlassian/bamboo/atlassian-bamboo-api/3.1-m3/atlassian-bamboo-api-3.1-m3.jar:/Users/jwyles/.m2/repository/com/atlassian/extras/atlassian-extras/2.4/atlassian-extras-2.4.jar:/Users/jwyles/.m2/repository/log4j/log4j/1.2.15/log4j-1.2.15.jar:/Users/jwyles/.m2/repository/commons-codec/commons-codec/1.3/commons-codec-1.3.jar:/Users/jwyles/.m2/repository/com/atlassian/core/atlassian-core/4.5.3/atlassian-core-4.5.3.jar:/Users/jwyles/.m2/repository/com/atlassian/profiling/atlassian-profiling/1.3/atlassian-profiling-1.3.jar:/Users/jwyles/.m2/repository/p6spy/p6spy/1.3/p6spy-1.3.jar:/Users/jwyles/.m2/repository/commons-io/commons-io/1.2/commons-io-1.2.jar:/Users/jwyles/.m2/repository/commons-lang/commons-lang/2.5/commons-lang-2.5.jar:/Users/jwyles/.m2/repository/opensymphony/propertyset/1.3-21Nov03/propertyset-1.3-21Nov03.jar:/Users/jwyles/.m2/repository/opensymphony/sitemesh/2.3/sitemesh-2.3.jar:/Users/jwyles/.m2/repository/dom4j/dom4j/1.4/dom4j-1.4.jar:/Users/jwyles/.m2/repository/xml-apis/xml-apis/1.0.b2/xml-apis-1.0.b2.jar:/Users/jwyles/.m2/repository/jaxen/jaxen/1.0-FCS/jaxen-1.0-FCS.jar:/Users/jwyles/.m2/repository/saxpath/saxpath/1.0-FCS/saxpath-1.0-FCS.jar:/Users/jwyles/.m2/repository/msv/msv/20020414/msv-20020414.jar:/Users/jwyles/.m2/repository/relaxngDatatype/relaxngDatatype/20020414/relaxngDatatype-20020414.jar:/Users/jwyles/.m2/repository/isorelax/isorelax/20020414/isorelax-20020414.jar:/Users/jwyles/.m2/repository/opensymphony/oscore/2.2.7/oscore-2.2.7.jar:/Users/jwyles/.m2/repository/javax/mail/mail/1.4/mail-1.4.jar:/Users/jwyles/.m2/repository/javax/activation/activation/1.1/activation-1.1.jar:/Users/jwyles/.m2/repository/com/atlassian/config/atlassian-config/0.9/atlassian-config-0.9.jar:/Users/jwyles/.m2/repository/com/atlassian/spring/atlassian-spring/0.6/atlassian-spring-0.6.jar:/Users/jwyles/.m2/repository/com/atlassian/event/atlassian-event/2.1.0/atlassian-event-2.1.0.jar:/Users/jwyles/.m2/repository/org/springframework/spring-core/2.0.6/spring-core-2.0.6.jar:/Users/jwyles/.m2/repository/org/springframework/spring-context/2.0.6/spring-context-2.0.6.jar:/Users/jwyles/.m2/repository/aopalliance/aopalliance/1.0/aopalliance-1.0.jar:/Users/jwyles/.m2/repository/org/springframework/spring-beans/2.5.6.SEC01/spring-beans-2.5.6.SEC01.jar:/Users/jwyles/.m2/repository/org/springframework/spring-web/2.5.6.SEC01/spring-web-2.5.6.SEC01.jar:/Users/jwyles/.m2/repository/org/springframework/spring-hibernate2/2.0.6/spring-hibernate2-2.0.6.jar:/Users/jwyles/.m2/repository/hibernate/hibernate/2.1.8-atlassian-9/hibernate-2.1.8-atlassian-9.jar:/Users/jwyles/.m2/repository/org/springframework/spring-dao/2.0.6/spring-dao-2.0.6.jar:/Users/jwyles/.m2/repository/org/springframework/spring-jdbc/2.0.6/spring-jdbc-2.0.6.jar:/Users/jwyles/.m2/repository/com/atlassian/johnson/atlassian-johnson/0.7/atlassian-johnson-0.7.jar:/Users/jwyles/.m2/repository/easymock/easymockclassextension/1.1/easymockclassextension-1.1.jar:/Users/jwyles/.m2/repository/easymock/easymock/1.1/easymock-1.1.jar:/Users/jwyles/.m2/repository/junit/junit/4.6/junit-4.6.jar:/Users/jwyles/.m2/repository/cglib/cglib-nodep/2.1_3/cglib-nodep-2.1_3.jar:/Users/jwyles/.m2/repository/osuser/osuser/1.0-dev-log4j-1.4jdk-7Dec05/osuser-1.0-dev-log4j-1.4jdk-7Dec05.jar:/Users/jwyles/.m2/repository/com/atlassian/util/concurrent/atlassian-util-concurrent/2.0.0/atlassian-util-concurrent-2.0.0.jar:/Users/jwyles/.m2/repository/com/atlassian/utils/atlassian-processutils/1.5-beta7/atlassian-processutils-1.5-beta7.jar:/Users/jwyles/.m2/repository/com/atlassian/plugins/atlassian-plugins-core/2.7.3/atlassian-plugins-core-2.7.3.jar:/Users/jwyles/.m2/repository/org/slf4j/slf4j-api/1.5.8/slf4j-api-1.5.8.jar:/Users/jwyles/.m2/repository/com/atlassian/multitenant/multitenant-core/1.0-m14/multitenant-core-1.0-m14.jar:/Users/jwyles/.m2/repository/net/jcip/jcip-annotations/1.0/jcip-annotations-1.0.jar:/Users/jwyles/.m2/repository/com/atlassian/plugins/atlassian-plugins-servlet/2.7.3/atlassian-plugins-servlet-2.7.3.jar:/Users/jwyles/.m2/repository/com/atlassian/plugins/atlassian-plugins-webfragment/2.7.3/atlassian-plugins-webfragment-2.7.3.jar:/Users/jwyles/.m2/repository/com/atlassian/plugins/atlassian-plugins-webresource/2.7.3/atlassian-plugins-webresource-2.7.3.jar:/Users/jwyles/.m2/repository/com/atlassian/plugins/atlassian-plugins-osgi/2.7.3/atlassian-plugins-osgi-2.7.3.jar:/Users/jwyles/.m2/repository/com/atlassian/plugins/atlassian-plugins-osgi-events/2.7.3/atlassian-plugins-osgi-events-2.7.3.jar:/Users/jwyles/.m2/repository/biz/aQute/bndlib/0.0.255/bndlib-0.0.255.jar:/Users/jwyles/.m2/repository/org/apache/felix/org.apache.felix.framework/3.0.2/org.apache.felix.framework-3.0.2.jar:/Users/jwyles/.m2/repository/org/twdata/pkgscanner/package-scanner/0.9.5/package-scanner-0.9.5.jar:/Users/jwyles/.m2/repository/com/atlassian/plugins/atlassian-plugins-spring/2.7.3/atlassian-plugins-spring-2.7.3.jar:/Users/jwyles/.m2/repository/org/springframework/spring-aop/2.5.6.SEC01/spring-aop-2.5.6.SEC01.jar:/Users/jwyles/.m2/repository/com/atlassian/bandana/atlassian-bandana/3.1/atlassian-bandana-3.1.jar:/Users/jwyles/.m2/repository/com/atlassian/cache/atlassian-cache-api/1.0/atlassian-cache-api-1.0.jar:/Users/jwyles/.m2/repository/com/thoughtworks/xstream/xstream/1.3.1/xstream-1.3.1.jar:/Users/jwyles/.m2/repository/xpp3/xpp3_min/1.1.4c/xpp3_min-1.1.4c.jar:/Users/jwyles/.m2/repository/com/atlassian/security/atlassian-secure-random/2.2/atlassian-secure-random-2.2.jar:/Users/jwyles/.m2/repository/org/codehaus/plexus/plexus-utils/1.5.9/plexus-utils-1.5.9.jar:/Users/jwyles/.m2/repository/org/slf4j/slf4j-log4j12/1.5.8/slf4j-log4j12-1.5.8.jar:/Users/jwyles/.m2/repository/org/slf4j/jcl-over-slf4j/1.5.8/jcl-over-slf4j-1.5.8.jar:/Users/jwyles/.m2/repository/com/atlassian/user/atlassian-user/1.9/atlassian-user-1.9.jar:/Users/jwyles/.m2/repository/org/springframework/spring-mock/2.0.6/spring-mock-2.0.6.jar:/Users/jwyles/.m2/repository/net/sf/ldaptemplate/ldaptemplate/1.0.1/ldaptemplate-1.0.1.jar:/Users/jwyles/.m2/repository/net/sf/ehcache/ehcache/1.2.3/ehcache-1.2.3.jar:/Users/jwyles/.m2/repository/odmg/odmg/3.0/odmg-3.0.jar:/Users/jwyles/.m2/repository/javax/transaction/jta/1.0.1B/jta-1.0.1B.jar:/Users/jwyles/.m2/repository/com/atlassian/bucket/atlassian-bucket/0.17/atlassian-bucket-0.17.jar:/Users/jwyles/.m2/repository/com/atlassian/bonnie/atlassian-bonnie/2.7/atlassian-bonnie-2.7.jar:/Users/jwyles/.m2/repository/org/apache/lucene/lucene-core/2.3.2/lucene-core-2.3.2.jar:/Users/jwyles/.m2/repository/org/apache/lucene/lucene-analyzers/2.2.0/lucene-analyzers-2.2.0.jar:/Users/jwyles/.m2/repository/tm-extractors/tm-extractors/0.4/tm-extractors-0.4.jar:/Users/jwyles/.m2/repository/pdfbox/pdfbox/0.7.0/pdfbox-0.7.0.jar:/Users/jwyles/.m2/repository/poi/poi/2.0-final-20040126/poi-2.0-final-20040126.jar:/Users/jwyles/.m2/repository/mockobjects/mockobjects-core/0.09/mockobjects-core-0.09.jar:/Users/jwyles/.m2/repository/mockobjects/mockobjects-j1.3-j2ee1.3/0.07/mockobjects-j1.3-j2ee1.3-0.07.jar:/Users/jwyles/.m2/repository/commons-beanutils/commons-beanutils/1.8.3/commons-beanutils-1.8.3.jar:/Users/jwyles/.m2/repository/opensymphony/xwork/1.0.3/xwork-1.0.3.jar:/Users/jwyles/.m2/repository/rome/rome/0.8/rome-0.8.jar:/Users/jwyles/.m2/repository/jdom/jdom/1.0/jdom-1.0.jar:/Users/jwyles/.m2/repository/org/springframework/spring-support/2.0.6/spring-support-2.0.6.jar:/Users/jwyles/.m2/repository/com/atlassian/seraph/atlassian-seraph/2.5.0/atlassian-seraph-2.5.0.jar:/Users/jwyles/.m2/repository/hsqldb/hsqldb/1.7.1-patched/hsqldb-1.7.1-patched.jar:/Users/jwyles/.m2/repository/com/atlassian/jira/plugins/jira-soapclient/4.0/jira-soapclient-4.0.jar:/Users/jwyles/.m2/repository/com/atlassian/sal/sal-api/2.4.1/sal-api-2.4.1.jar:/Users/jwyles/.m2/repository/com/atlassian/sal/sal-spi/2.4.1/sal-spi-2.4.1.jar:/Users/jwyles/.m2/repository/com/atlassian/sal/sal-spring/2.4.1/sal-spring-2.4.1.jar:/Users/jwyles/.m2/repository/org/apache/ant/ant/1.7.1/ant-1.7.1.jar:/Users/jwyles/.m2/repository/org/apache/ant/ant-launcher/1.7.1/ant-launcher-1.7.1.jar:/Users/jwyles/.m2/repository/opensymphony/quartz/1.6.5/quartz-1.6.5.jar:/Users/jwyles/.m2/repository/com/atlassian/bundles/guava/8.1/guava-8.1.jar:/Users/jwyles/.m2/repository/commons-collections/commons-collections/3.2.1/commons-collections-3.2.1.jar:/Users/jwyles/.m2/repository/commons-configuration/commons-configuration/1.4/commons-configuration-1.4.jar:/Users/jwyles/.m2/repository/commons-digester/commons-digester/1.8/commons-digester-1.8.jar:/Users/jwyles/.m2/repository/commons-jxpath/commons-jxpath/1.2/commons-jxpath-1.2.jar:/Users/jwyles/.m2/repository/jivesoftware/smackx/3.0.4/smackx-3.0.4.jar:/Users/jwyles/.m2/repository/jivesoftware/smack/3.0.4/smack-3.0.4.jar:/Users/jwyles/.m2/repository/jmock/jmock/1.0.1/jmock-1.0.1.jar:/Users/jwyles/.m2/repository/joda-time/joda-time/1.6/joda-time-1.6.jar:/Users/jwyles/.m2/repository/com/atlassian/security/atlassian-cookie-tools/2.0/atlassian-cookie-tools-2.0.jar:/Users/jwyles/.m2/repository/opensymphony/osuser/1.0-20060106/osuser-1.0-20060106.jar:/Users/jwyles/.m2/repository/commons-logging/commons-logging/1.0.4/commons-logging-1.0.4.jar:/Users/jwyles/.m2/repository/com/atlassian/security/auth/trustedapps/atlassian-trusted-apps-seraph-integration/2.3.2/atlassian-trusted-apps-seraph-integration-2.3.2.jar:/Users/jwyles/.m2/repository/com/atlassian/security/auth/trustedapps/atlassian-trusted-apps-core/2.3.2/atlassian-trusted-apps-core-2.3.2.jar:/Users/jwyles/.m2/repository/com/atlassian/mail/atlassian-mail/1.22/atlassian-mail-1.22.jar:/Users/jwyles/.m2/repository/mockobjects/mockobjects-alt-jdk1.3-j2ee1.3/0.09/mockobjects-alt-jdk1.3-j2ee1.3-0.09.jar:/Users/jwyles/.m2/repository/org/acegisecurity/acegi-security/1.0.4/acegi-security-1.0.4.jar:/Users/jwyles/.m2/repository/oro/oro/2.0.8/oro-2.0.8.jar:/Users/jwyles/.m2/repository/com/intellij/annotations/6.0.5/annotations-6.0.5.jar:/Users/jwyles/.m2/repository/com/atlassian/aws/atlassian-aws/0.18-beta4/atlassian-aws-0.18-beta4.jar:/Users/jwyles/.m2/repository/com/amazonaws/aws-java-sdk/1.1.5/aws-java-sdk-1.1.5.jar:/Users/jwyles/.m2/repository/commons-httpclient/commons-httpclient/3.1/commons-httpclient-3.1.jar:/Users/jwyles/.m2/repository/stax/stax-api/1.0.1/stax-api-1.0.1.jar:/Users/jwyles/.m2/repository/com/google/code/typica/typica/1.6/typica-1.6.jar:/Users/jwyles/.m2/repository/com/sun/xml/bind/jaxb-impl/2.1.3/jaxb-impl-2.1.3.jar:/Users/jwyles/.m2/repository/javax/xml/bind/jaxb-api/2.1/jaxb-api-2.1.jar:/Users/jwyles/.m2/repository/javax/xml/stream/stax-api/1.0-2/stax-api-1.0-2.jar:/Users/jwyles/.m2/repository/axis/axis/1.4/axis-1.4.jar:/Users/jwyles/.m2/repository/org/apache/axis/axis-jaxrpc/1.4/axis-jaxrpc-1.4.jar:/Users/jwyles/.m2/repository/org/apache/axis/axis-saaj/1.4/axis-saaj-1.4.jar:/Users/jwyles/.m2/repository/axis/axis-wsdl4j/1.5.1/axis-wsdl4j-1.5.1.jar:/Users/jwyles/.m2/repository/commons-discovery/commons-discovery/0.2/commons-discovery-0.2.jar:"/>
    <property name="java.vm.specification.version" value="1.0"/>
    <property name="sun.arch.data.model" value="64"/>
    <property name="java.home" value="/System/Library/Frameworks/JavaVM.framework/Versions/1.6.0/Home"/>
    <property name="java.specification.vendor" value="Sun Microsystems Inc."/>
    <property name="user.language" value="en"/>
    <property name="awt.toolkit" value="apple.awt.CToolkit"/>
    <property name="java.vm.info" value="mixed mode"/>
    <property name="java.version" value="1.6.0_17"/>
    <property name="java.ext.dirs" value="/Library/Java/Extensions:/System/Library/Java/Extensions:/System/Library/Frameworks/JavaVM.framework/Versions/1.6.0/Home/lib/ext"/>
    <property name="sun.boot.class.path" value="/System/Library/Frameworks/JavaVM.framework/Versions/1.6.0/Classes/jsfd.jar:/System/Library/Frameworks/JavaVM.framework/Versions/1.6.0/Classes/classes.jar:/System/Library/Frameworks/JavaVM.framework/Frameworks/JavaRuntimeSupport.framework/Resources/Java/JavaRuntimeSupport.jar:/System/Library/Frameworks/JavaVM.framework/Versions/1.6.0/Classes/ui.jar:/System/Library/Frameworks/JavaVM.framework/Versions/1.6.0/Classes/laf.jar:/System/Library/Frameworks/JavaVM.framework/Versions/1.6.0/Classes/sunrsasign.jar:/System/Library/Frameworks/JavaVM.framework/Versions/1.6.0/Classes/jsse.jar:/System/Library/Frameworks/JavaVM.framework/Versions/1.6.0/Classes/jce.jar:/System/Library/Frameworks/JavaVM.framework/Versions/1.6.0/Classes/charsets.jar"/>
    <property name="java.vendor" value="Apple Inc."/>
    <property name="localRepository" value="/Users/jwyles/.m2/repository"/>
    <property name="file.separator" value="/"/>
    <property name="java.vendor.url.bug" value="http://bugreport.apple.com/"/>
    <property name="sun.cpu.endian" value="little"/>
    <property name="sun.io.unicode.encoding" value="UnicodeLittle"/>
    <property name="mrj.version" value="1060.1.6.0_17-248"/>
    <property name="sun.cpu.isalist" value=""/>
  </properties>
  <testcase time="0.002" classname="it.IntegrationTestMyPlugin" name="testSomething"/>
</testsuite>